<?xml version="1.0" encoding="UTF-8"?>
<testsuites>
  <testsuite name="CLI Arguments" tests="5" assertions="0" errors="5" failures="0" skipped="0" time="0.029050">
    <testsuite name="Tests\Unit\Application\Brief\GenerateDailyBriefHandlerLockTest" file="tests/Unit/Application/Brief/GenerateDailyBriefHandlerLockTest.php" tests="5" assertions="0" errors="5" failures="0" skipped="0" time="0.029050">
      <testcase name="Lock déjà acquis : TryLock=false → log brief.lock_already_acquired → service NON appelé" file="tests/Unit/Application/Brief/GenerateDailyBriefHandlerLockTest.php::Lock déjà acquis : TryLock=false → log brief.lock_already_acquired → service NON appelé" class="Tests\Unit\Application\Brief\GenerateDailyBriefHandlerLockTest" classname="Tests.Unit.Application.Brief.GenerateDailyBriefHandlerLockTest" assertions="0" time="0.027076">
        <error type="PHPUnit\Framework\MockObject\IncompatibleReturnValueException">Lock déjà acquis : TryLock=false → log brief.lock_already_acquired → service NON appeléMethod warning may not return value of type null, its declared return type is "void"
at tests/Unit/Application/Brief/GenerateDailyBriefHandlerLockTest.php:94</error>
      </testcase>
      <testcase name="brief.batch_success contient duration_ms (entier) et la date cible" file="tests/Unit/Application/Brief/GenerateDailyBriefHandlerLockTest.php::brief.batch_success contient duration_ms (entier) et la date cible" class="Tests\Unit\Application\Brief\GenerateDailyBriefHandlerLockTest" classname="Tests.Unit.Application.Brief.GenerateDailyBriefHandlerLockTest" assertions="0" time="0.000512">
        <error type="PHPUnit\Framework\MockObject\IncompatibleReturnValueException">brief.batch_success contient duration_ms (entier) et la date cibleMethod warning may not return value of type null, its declared return type is "void"
at tests/Unit/Application/Brief/GenerateDailyBriefHandlerLockTest.php:211</error>
      </testcase>
      <testcase name="Nominal : lock acquis → selectTopStories() exécuté → lock libéré → log brief.batch_success" file="tests/Unit/Application/Brief/GenerateDailyBriefHandlerLockTest.php::Nominal : lock acquis → selectTopStories() exécuté → lock libéré → log brief.batch_success" class="Tests\Unit\Application\Brief\GenerateDailyBriefHandlerLockTest" classname="Tests.Unit.Application.Brief.GenerateDailyBriefHandlerLockTest" assertions="0" time="0.000521">
        <error type="PHPUnit\Framework\MockObject\IncompatibleReturnValueException">Nominal : lock acquis → selectTopStories() exécuté → lock libéré → log brief.batch_successMethod warning may not return value of type null, its declared return type is "void"
at tests/Unit/Application/Brief/GenerateDailyBriefHandlerLockTest.php:60</error>
      </testcase>
      <testcase name="Erreur technique : exception propagée pour retry Messenger + lock libéré dans finally" file="tests/Unit/Application/Brief/GenerateDailyBriefHandlerLockTest.php::Erreur technique : exception propagée pour retry Messenger + lock libéré dans finally" class="Tests\Unit\Application\Brief\GenerateDailyBriefHandlerLockTest" classname="Tests.Unit.Application.Brief.GenerateDailyBriefHandlerLockTest" assertions="0" time="0.000383">
        <error type="PHPUnit\Framework\MockObject\IncompatibleReturnValueException">Erreur technique : exception propagée pour retry Messenger + lock libéré dans finallyMethod info may not return value of type null, its declared return type is "void"
at tests/Unit/Application/Brief/GenerateDailyBriefHandlerLockTest.php:175</error>
      </testcase>
      <testcase name="Redis KO : LockStorageException → log brief.lock_unavailable → service exécuté (résilience)" file="tests/Unit/Application/Brief/GenerateDailyBriefHandlerLockTest.php::Redis KO : LockStorageException → log brief.lock_unavailable → service exécuté (résilience)" class="Tests\Unit\Application\Brief\GenerateDailyBriefHandlerLockTest" classname="Tests.Unit.Application.Brief.GenerateDailyBriefHandlerLockTest" assertions="0" time="0.000558">
        <error type="PHPUnit\Framework\MockObject\IncompatibleReturnValueException">Redis KO : LockStorageException → log brief.lock_unavailable → service exécuté (résilience)Method error may not return value of type null, its declared return type is "void"
at tests/Unit/Application/Brief/GenerateDailyBriefHandlerLockTest.php:138</error>
      </testcase>
    </testsuite>
  </testsuite>
</testsuites>
