<?xml version="1.0" encoding="UTF-8"?>
<testsuites>
  <testsuite name="CLI Arguments" tests="178" assertions="370" errors="0" failures="0" skipped="0" time="0.147870">
    <testsuite name="Tests\Unit\Application\Synthesis\SynthesisServiceTest" file="tests/Unit/Application/Synthesis/SynthesisServiceTest.php" tests="18" assertions="26" errors="0" failures="0" skipped="0" time="0.028922">
      <testcase name="synthesize lève InvalidSynthesisUrlException pour IP privée RFC1918 172.16.x.x (SSRF)" file="tests/Unit/Application/Synthesis/SynthesisServiceTest.php::synthesize lève InvalidSynthesisUrlException pour IP privée RFC1918 172.16.x.x (SSRF)" class="Tests\Unit\Application\Synthesis\SynthesisServiceTest" classname="Tests.Unit.Application.Synthesis.SynthesisServiceTest" assertions="1" time="0.010758"/>
      <testcase name="synthesize lève SynthesisUnavailableException si Mistral timeout" file="tests/Unit/Application/Synthesis/SynthesisServiceTest.php::synthesize lève SynthesisUnavailableException si Mistral timeout" class="Tests\Unit\Application\Synthesis\SynthesisServiceTest" classname="Tests.Unit.Application.Synthesis.SynthesisServiceTest" assertions="1" time="0.004388"/>
      <testcase name="synthesize persiste le résultat avec url_hash SHA-256" file="tests/Unit/Application/Synthesis/SynthesisServiceTest.php::synthesize persiste le résultat avec url_hash SHA-256" class="Tests\Unit\Application\Synthesis\SynthesisServiceTest" classname="Tests.Unit.Application.Synthesis.SynthesisServiceTest" assertions="3" time="0.003825"/>
      <testcase name="synthesize lève InvalidSynthesisUrlException pour IP privée RFC1918 10.x.x.x (SSRF)" file="tests/Unit/Application/Synthesis/SynthesisServiceTest.php::synthesize lève InvalidSynthesisUrlException pour IP privée RFC1918 10.x.x.x (SSRF)" class="Tests\Unit\Application\Synthesis\SynthesisServiceTest" classname="Tests.Unit.Application.Synthesis.SynthesisServiceTest" assertions="1" time="0.000104"/>
      <testcase name="le prompt envoyé à Mistral ne contient aucun UUID utilisateur (PII-free)" file="tests/Unit/Application/Synthesis/SynthesisServiceTest.php::le prompt envoyé à Mistral ne contient aucun UUID utilisateur (PII-free)" class="Tests\Unit\Application\Synthesis\SynthesisServiceTest" classname="Tests.Unit.Application.Synthesis.SynthesisServiceTest" assertions="1" time="0.003463"/>
      <testcase name="synthesize lève InvalidSynthesisUrlException pour URL malformée" file="tests/Unit/Application/Synthesis/SynthesisServiceTest.php::synthesize lève InvalidSynthesisUrlException pour URL malformée" class="Tests\Unit\Application\Synthesis\SynthesisServiceTest" classname="Tests.Unit.Application.Synthesis.SynthesisServiceTest" assertions="1" time="0.000096"/>
      <testcase name="le prompt envoyé à Mistral ne contient aucun email (PII-free)" file="tests/Unit/Application/Synthesis/SynthesisServiceTest.php::le prompt envoyé à Mistral ne contient aucun email (PII-free)" class="Tests\Unit\Application\Synthesis\SynthesisServiceTest" classname="Tests.Unit.Application.Synthesis.SynthesisServiceTest" assertions="1" time="0.000797"/>
      <testcase name="synthesize NE contacte PAS Mistral si URL invalide (SSRF bloqué)" file="tests/Unit/Application/Synthesis/SynthesisServiceTest.php::synthesize NE contacte PAS Mistral si URL invalide (SSRF bloqué)" class="Tests\Unit\Application\Synthesis\SynthesisServiceTest" classname="Tests.Unit.Application.Synthesis.SynthesisServiceTest" assertions="1" time="0.000316"/>
      <testcase name="synthesize lève InvalidSynthesisUrlException pour IP privée RFC1918 192.168.x.x (SSRF)" file="tests/Unit/Application/Synthesis/SynthesisServiceTest.php::synthesize lève InvalidSynthesisUrlException pour IP privée RFC1918 192.168.x.x (SSRF)" class="Tests\Unit\Application\Synthesis\SynthesisServiceTest" classname="Tests.Unit.Application.Synthesis.SynthesisServiceTest" assertions="1" time="0.000099"/>
      <testcase name="synthesize retourne toujours &quot;BRIEFLY AI:&quot; même avec contenu partiel" file="tests/Unit/Application/Synthesis/SynthesisServiceTest.php::synthesize retourne toujours &quot;BRIEFLY AI:&quot; même avec contenu partiel" class="Tests\Unit\Application\Synthesis\SynthesisServiceTest" classname="Tests.Unit.Application.Synthesis.SynthesisServiceTest" assertions="1" time="0.000950"/>
      <testcase name="synthesize retourne exactement 3 points clés numérotés 01/02/03" file="tests/Unit/Application/Synthesis/SynthesisServiceTest.php::synthesize retourne exactement 3 points clés numérotés 01/02/03" class="Tests\Unit\Application\Synthesis\SynthesisServiceTest" classname="Tests.Unit.Application.Synthesis.SynthesisServiceTest" assertions="4" time="0.000617"/>
      <testcase name="synthesize retourne isPartial=true quand le fetcher signale un paywall" file="tests/Unit/Application/Synthesis/SynthesisServiceTest.php::synthesize retourne isPartial=true quand le fetcher signale un paywall" class="Tests\Unit\Application\Synthesis\SynthesisServiceTest" classname="Tests.Unit.Application.Synthesis.SynthesisServiceTest" assertions="2" time="0.001077"/>
      <testcase name="synthesize retourne au moins une source" file="tests/Unit/Application/Synthesis/SynthesisServiceTest.php::synthesize retourne au moins une source" class="Tests\Unit\Application\Synthesis\SynthesisServiceTest" classname="Tests.Unit.Application.Synthesis.SynthesisServiceTest" assertions="1" time="0.000658"/>
      <testcase name="synthesize lève InvalidSynthesisUrlException pour schéma file:// (non http/https)" file="tests/Unit/Application/Synthesis/SynthesisServiceTest.php::synthesize lève InvalidSynthesisUrlException pour schéma file:// (non http/https)" class="Tests\Unit\Application\Synthesis\SynthesisServiceTest" classname="Tests.Unit.Application.Synthesis.SynthesisServiceTest" assertions="1" time="0.000099"/>
      <testcase name="synthesize lève InvalidSynthesisUrlException pour 127.0.0.1 (SSRF loopback)" file="tests/Unit/Application/Synthesis/SynthesisServiceTest.php::synthesize lève InvalidSynthesisUrlException pour 127.0.0.1 (SSRF loopback)" class="Tests\Unit\Application\Synthesis\SynthesisServiceTest" classname="Tests.Unit.Application.Synthesis.SynthesisServiceTest" assertions="1" time="0.000084"/>
      <testcase name="synthesize retourne une SynthesisResponse avec préfixe &quot;BRIEFLY AI:&quot; pour URL valide" file="tests/Unit/Application/Synthesis/SynthesisServiceTest.php::synthesize retourne une SynthesisResponse avec préfixe &quot;BRIEFLY AI:&quot; pour URL valide" class="Tests\Unit\Application\Synthesis\SynthesisServiceTest" classname="Tests.Unit.Application.Synthesis.SynthesisServiceTest" assertions="3" time="0.000895"/>
      <testcase name="synthesize NE persiste PAS si Mistral timeout (SynthesisResult non sauvegardé)" file="tests/Unit/Application/Synthesis/SynthesisServiceTest.php::synthesize NE persiste PAS si Mistral timeout (SynthesisResult non sauvegardé)" class="Tests\Unit\Application\Synthesis\SynthesisServiceTest" classname="Tests.Unit.Application.Synthesis.SynthesisServiceTest" assertions="1" time="0.000608"/>
      <testcase name="synthesize lève InvalidSynthesisUrlException pour localhost (SSRF)" file="tests/Unit/Application/Synthesis/SynthesisServiceTest.php::synthesize lève InvalidSynthesisUrlException pour localhost (SSRF)" class="Tests\Unit\Application\Synthesis\SynthesisServiceTest" classname="Tests.Unit.Application.Synthesis.SynthesisServiceTest" assertions="1" time="0.000088"/>
    </testsuite>
    <testsuite name="Tests\Unit\Application\Feed\FetchSourceHandlerTest" file="tests/Unit/Application/Feed/FetchSourceHandlerTest.php" tests="6" assertions="10" errors="0" failures="0" skipped="0" time="0.010472">
      <testcase name="handler logue WARNING et ne crash pas si la source est introuvable" file="tests/Unit/Application/Feed/FetchSourceHandlerTest.php::handler logue WARNING et ne crash pas si la source est introuvable" class="Tests\Unit\Application\Feed\FetchSourceHandlerTest" classname="Tests.Unit.Application.Feed.FetchSourceHandlerTest" assertions="1" time="0.008666"/>
      <testcase name="handler gère les doublons (saveIgnoringDuplicate → false) sans exception" file="tests/Unit/Application/Feed/FetchSourceHandlerTest.php::handler gère les doublons (saveIgnoringDuplicate → false) sans exception" class="Tests\Unit\Application\Feed\FetchSourceHandlerTest" classname="Tests.Unit.Application.Feed.FetchSourceHandlerTest" assertions="2" time="0.001436"/>
      <testcase name="handler insère les articles et met à jour last_fetched_at (nominal)" file="tests/Unit/Application/Feed/FetchSourceHandlerTest.php::handler insère les articles et met à jour last_fetched_at (nominal)" class="Tests\Unit\Application\Feed\FetchSourceHandlerTest" classname="Tests.Unit.Application.Feed.FetchSourceHandlerTest" assertions="1" time="0.000091"/>
      <testcase name="handler met à jour last_fetched_at même quand aucun article n'est retourné" file="tests/Unit/Application/Feed/FetchSourceHandlerTest.php::handler met à jour last_fetched_at même quand aucun article n'est retourné" class="Tests\Unit\Application\Feed\FetchSourceHandlerTest" classname="Tests.Unit.Application.Feed.FetchSourceHandlerTest" assertions="1" time="0.000095"/>
      <testcase name="handler catchée une FeedException (XML invalide) et met à jour last_error_at" file="tests/Unit/Application/Feed/FetchSourceHandlerTest.php::handler catchée une FeedException (XML invalide) et met à jour last_error_at" class="Tests\Unit\Application\Feed\FetchSourceHandlerTest" classname="Tests.Unit.Application.Feed.FetchSourceHandlerTest" assertions="2" time="0.000102"/>
      <testcase name="handler catchée une exception HTTP 5xx et met à jour last_error_at" file="tests/Unit/Application/Feed/FetchSourceHandlerTest.php::handler catchée une exception HTTP 5xx et met à jour last_error_at" class="Tests\Unit\Application\Feed\FetchSourceHandlerTest" classname="Tests.Unit.Application.Feed.FetchSourceHandlerTest" assertions="3" time="0.000082"/>
    </testsuite>
    <testsuite name="Tests\Unit\Infrastructure\Synthesis\MistralApiClientTest" file="tests/Unit/Infrastructure/Synthesis/MistralApiClientTest.php" tests="9" assertions="14" errors="0" failures="0" skipped="0" time="0.007781">
      <testcase name="complete lève SynthesisUnavailableException si content vide dans la réponse" file="tests/Unit/Infrastructure/Synthesis/MistralApiClientTest.php::complete lève SynthesisUnavailableException si content vide dans la réponse" class="Tests\Unit\Infrastructure\Synthesis\MistralApiClientTest" classname="Tests.Unit.Infrastructure.Synthesis.MistralApiClientTest" assertions="1" time="0.006771"/>
      <testcase name="complete lève SynthesisUnavailableException si HTTP 500" file="tests/Unit/Infrastructure/Synthesis/MistralApiClientTest.php::complete lève SynthesisUnavailableException si HTTP 500" class="Tests\Unit\Infrastructure\Synthesis\MistralApiClientTest" classname="Tests.Unit.Infrastructure.Synthesis.MistralApiClientTest" assertions="1" time="0.000161"/>
      <testcase name="complete NE contient PAS d'adresse email dans le prompt (PII-free)" file="tests/Unit/Infrastructure/Synthesis/MistralApiClientTest.php::complete NE contient PAS d'adresse email dans le prompt (PII-free)" class="Tests\Unit\Infrastructure\Synthesis\MistralApiClientTest" classname="Tests.Unit.Infrastructure.Synthesis.MistralApiClientTest" assertions="1" time="0.000155"/>
      <testcase name="complete lève SynthesisUnavailableException si HTTP 503" file="tests/Unit/Infrastructure/Synthesis/MistralApiClientTest.php::complete lève SynthesisUnavailableException si HTTP 503" class="Tests\Unit\Infrastructure\Synthesis\MistralApiClientTest" classname="Tests.Unit.Infrastructure.Synthesis.MistralApiClientTest" assertions="1" time="0.000104"/>
      <testcase name="complete envoie une requête POST à l'endpoint Mistral" file="tests/Unit/Infrastructure/Synthesis/MistralApiClientTest.php::complete envoie une requête POST à l'endpoint Mistral" class="Tests\Unit\Infrastructure\Synthesis\MistralApiClientTest" classname="Tests.Unit.Infrastructure.Synthesis.MistralApiClientTest" assertions="1" time="0.000093"/>
      <testcase name="complete inclut le header Authorization Bearer" file="tests/Unit/Infrastructure/Synthesis/MistralApiClientTest.php::complete inclut le header Authorization Bearer" class="Tests\Unit\Infrastructure\Synthesis\MistralApiClientTest" classname="Tests.Unit.Infrastructure.Synthesis.MistralApiClientTest" assertions="1" time="0.000111"/>
      <testcase name="complete envoie le system prompt et le contenu utilisateur dans les messages" file="tests/Unit/Infrastructure/Synthesis/MistralApiClientTest.php::complete envoie le system prompt et le contenu utilisateur dans les messages" class="Tests\Unit\Infrastructure\Synthesis\MistralApiClientTest" classname="Tests.Unit.Infrastructure.Synthesis.MistralApiClientTest" assertions="6" time="0.000163"/>
      <testcase name="complete retourne le contenu textuel de la réponse Mistral" file="tests/Unit/Infrastructure/Synthesis/MistralApiClientTest.php::complete retourne le contenu textuel de la réponse Mistral" class="Tests\Unit\Infrastructure\Synthesis\MistralApiClientTest" classname="Tests.Unit.Infrastructure.Synthesis.MistralApiClientTest" assertions="1" time="0.000117"/>
      <testcase name="complete NE contient PAS d'UUID utilisateur dans le prompt (PII-free)" file="tests/Unit/Infrastructure/Synthesis/MistralApiClientTest.php::complete NE contient PAS d'UUID utilisateur dans le prompt (PII-free)" class="Tests\Unit\Infrastructure\Synthesis\MistralApiClientTest" classname="Tests.Unit.Infrastructure.Synthesis.MistralApiClientTest" assertions="1" time="0.000105"/>
    </testsuite>
    <testsuite name="Tests\Unit\Presentation\Command\GenerateDailyBriefCommandTest" file="tests/Unit/Presentation/Command/GenerateDailyBriefCommandTest.php" tests="6" assertions="16" errors="0" failures="0" skipped="0" time="0.030248">
      <testcase name="Option --date=YYYY-MM-DD : le message utilise la date fournie" file="tests/Unit/Presentation/Command/GenerateDailyBriefCommandTest.php::Option --date=YYYY-MM-DD : le message utilise la date fournie" class="Tests\Unit\Presentation\Command\GenerateDailyBriefCommandTest" classname="Tests.Unit.Presentation.Command.GenerateDailyBriefCommandTest" assertions="4" time="0.024934"/>
      <testcase name="L'option --date est facultative" file="tests/Unit/Presentation/Command/GenerateDailyBriefCommandTest.php::L'option --date est facultative" class="Tests\Unit\Presentation\Command\GenerateDailyBriefCommandTest" classname="Tests.Unit.Presentation.Command.GenerateDailyBriefCommandTest" assertions="2" time="0.000193"/>
      <testcase name="Date invalide : GenerateDailyBriefMessage lève InvalidArgumentException" file="tests/Unit/Presentation/Command/GenerateDailyBriefCommandTest.php::Date invalide : GenerateDailyBriefMessage lève InvalidArgumentException" class="Tests\Unit\Presentation\Command\GenerateDailyBriefCommandTest" classname="Tests.Unit.Presentation.Command.GenerateDailyBriefCommandTest" assertions="1" time="0.000623"/>
      <testcase name="GenerateDailyBriefCommand retourne exit code 0 et dispatche GenerateDailyBriefMessage" file="tests/Unit/Presentation/Command/GenerateDailyBriefCommandTest.php::GenerateDailyBriefCommand retourne exit code 0 et dispatche GenerateDailyBriefMessage" class="Tests\Unit\Presentation\Command\GenerateDailyBriefCommandTest" classname="Tests.Unit.Presentation.Command.GenerateDailyBriefCommandTest" assertions="3" time="0.000702"/>
      <testcase name="Log brief.manual_trigger avec operator=console et sans identifiant utilisateur" file="tests/Unit/Presentation/Command/GenerateDailyBriefCommandTest.php::Log brief.manual_trigger avec operator=console et sans identifiant utilisateur" class="Tests\Unit\Presentation\Command\GenerateDailyBriefCommandTest" classname="Tests.Unit.Presentation.Command.GenerateDailyBriefCommandTest" assertions="5" time="0.003216"/>
      <testcase name="Sans --date : le message utilise la date du jour UTC" file="tests/Unit/Presentation/Command/GenerateDailyBriefCommandTest.php::Sans --date : le message utilise la date du jour UTC" class="Tests\Unit\Presentation\Command\GenerateDailyBriefCommandTest" classname="Tests.Unit.Presentation.Command.GenerateDailyBriefCommandTest" assertions="1" time="0.000580"/>
    </testsuite>
    <testsuite name="Tests\Unit\Domain\Health\HealthReportTest" file="tests/Unit/Domain/Health/HealthReportTest.php" tests="8" assertions="15" errors="0" failures="0" skipped="0" time="0.002491">
      <testcase name="HealthReport est ok avec une liste vide de composants" file="tests/Unit/Domain/Health/HealthReportTest.php::HealthReport est ok avec une liste vide de composants" class="Tests\Unit\Domain\Health\HealthReportTest" classname="Tests.Unit.Domain.Health.HealthReportTest" assertions="2" time="0.001801"/>
      <testcase name="HealthReport est immuable — modifier la liste source ne change pas le rapport" file="tests/Unit/Domain/Health/HealthReportTest.php::HealthReport est immuable — modifier la liste source ne change pas le rapport" class="Tests\Unit\Domain\Health\HealthReportTest" classname="Tests.Unit.Domain.Health.HealthReportTest" assertions="2" time="0.000254"/>
      <testcase name="HealthReport retourne ok quand tous les composants sont sains" file="tests/Unit/Domain/Health/HealthReportTest.php::HealthReport retourne ok quand tous les composants sont sains" class="Tests\Unit\Domain\Health\HealthReportTest" classname="Tests.Unit.Domain.Health.HealthReportTest" assertions="2" time="0.000090"/>
      <testcase name="HealthReport retourne degraded si au moins un composant est dégradé" file="tests/Unit/Domain/Health/HealthReportTest.php::HealthReport retourne degraded si au moins un composant est dégradé" class="Tests\Unit\Domain\Health\HealthReportTest" classname="Tests.Unit.Domain.Health.HealthReportTest" assertions="2" time="0.000073"/>
      <testcase name="HealthReport est degraded si tous les composants sont dégradés" file="tests/Unit/Domain/Health/HealthReportTest.php::HealthReport est degraded si tous les composants sont dégradés" class="Tests\Unit\Domain\Health\HealthReportTest" classname="Tests.Unit.Domain.Health.HealthReportTest" assertions="2" time="0.000067"/>
      <testcase name="HealthReport expose les composants fournis à la construction" file="tests/Unit/Domain/Health/HealthReportTest.php::HealthReport expose les composants fournis à la construction" class="Tests\Unit\Domain\Health\HealthReportTest" classname="Tests.Unit.Domain.Health.HealthReportTest" assertions="3" time="0.000071"/>
      <testcase name="ComponentStatus isHealthy retourne true pour status ok" file="tests/Unit/Domain/Health/HealthReportTest.php::ComponentStatus isHealthy retourne true pour status ok" class="Tests\Unit\Domain\Health\HealthReportTest" classname="Tests.Unit.Domain.Health.HealthReportTest" assertions="1" time="0.000067"/>
      <testcase name="ComponentStatus isHealthy retourne false pour status degraded" file="tests/Unit/Domain/Health/HealthReportTest.php::ComponentStatus isHealthy retourne false pour status degraded" class="Tests\Unit\Domain\Health\HealthReportTest" classname="Tests.Unit.Domain.Health.HealthReportTest" assertions="1" time="0.000068"/>
    </testsuite>
    <testsuite name="Tests\Unit\Presentation\StateProcessor\UrlSynthesisProcessorTest" file="tests/Unit/Presentation/StateProcessor/UrlSynthesisProcessorTest.php" tests="14" assertions="19" errors="0" failures="0" skipped="0" time="0.007749">
      <testcase name="process lève ServiceUnavailableHttpException si Redis KO" file="tests/Unit/Presentation/StateProcessor/UrlSynthesisProcessorTest.php::process lève ServiceUnavailableHttpException si Redis KO" class="Tests\Unit\Presentation\StateProcessor\UrlSynthesisProcessorTest" classname="Tests.Unit.Presentation.StateProcessor.UrlSynthesisProcessorTest" assertions="1" time="0.005077"/>
      <testcase name="process retourne originalUrl égal à l'URL soumise" file="tests/Unit/Presentation/StateProcessor/UrlSynthesisProcessorTest.php::process retourne originalUrl égal à l'URL soumise" class="Tests\Unit\Presentation\StateProcessor\UrlSynthesisProcessorTest" classname="Tests.Unit.Presentation.StateProcessor.UrlSynthesisProcessorTest" assertions="1" time="0.000115"/>
      <testcase name="process lève UnprocessableEntityHttpException si URL vide" file="tests/Unit/Presentation/StateProcessor/UrlSynthesisProcessorTest.php::process lève UnprocessableEntityHttpException si URL vide" class="Tests\Unit\Presentation\StateProcessor\UrlSynthesisProcessorTest" classname="Tests.Unit.Presentation.StateProcessor.UrlSynthesisProcessorTest" assertions="1" time="0.000254"/>
      <testcase name="process lève AccessDeniedException si utilisateur non authentifié" file="tests/Unit/Presentation/StateProcessor/UrlSynthesisProcessorTest.php::process lève AccessDeniedException si utilisateur non authentifié" class="Tests\Unit\Presentation\StateProcessor\UrlSynthesisProcessorTest" classname="Tests.Unit.Presentation.StateProcessor.UrlSynthesisProcessorTest" assertions="1" time="0.001027"/>
      <testcase name="process lève UnprocessableEntityHttpException si URL invalide (SSRF)" file="tests/Unit/Presentation/StateProcessor/UrlSynthesisProcessorTest.php::process lève UnprocessableEntityHttpException si URL invalide (SSRF)" class="Tests\Unit\Presentation\StateProcessor\UrlSynthesisProcessorTest" classname="Tests.Unit.Presentation.StateProcessor.UrlSynthesisProcessorTest" assertions="1" time="0.000110"/>
      <testcase name="TooManyRequestsHttpException a le header X-Quota-Remaining: 0" file="tests/Unit/Presentation/StateProcessor/UrlSynthesisProcessorTest.php::TooManyRequestsHttpException a le header X-Quota-Remaining: 0" class="Tests\Unit\Presentation\StateProcessor\UrlSynthesisProcessorTest" classname="Tests.Unit.Presentation.StateProcessor.UrlSynthesisProcessorTest" assertions="2" time="0.000381"/>
      <testcase name="process retourne keyPoints avec 3 éléments" file="tests/Unit/Presentation/StateProcessor/UrlSynthesisProcessorTest.php::process retourne keyPoints avec 3 éléments" class="Tests\Unit\Presentation\StateProcessor\UrlSynthesisProcessorTest" classname="Tests.Unit.Presentation.StateProcessor.UrlSynthesisProcessorTest" assertions="1" time="0.000091"/>
      <testcase name="ServiceUnavailableHttpException ne contient pas de stacktrace (OWASP A05)" file="tests/Unit/Presentation/StateProcessor/UrlSynthesisProcessorTest.php::ServiceUnavailableHttpException ne contient pas de stacktrace (OWASP A05)" class="Tests\Unit\Presentation\StateProcessor\UrlSynthesisProcessorTest" classname="Tests.Unit.Presentation.StateProcessor.UrlSynthesisProcessorTest" assertions="3" time="0.000169"/>
      <testcase name="UnprocessableEntityHttpException contient le message URL invalide" file="tests/Unit/Presentation/StateProcessor/UrlSynthesisProcessorTest.php::UnprocessableEntityHttpException contient le message URL invalide" class="Tests\Unit\Presentation\StateProcessor\UrlSynthesisProcessorTest" classname="Tests.Unit.Presentation.StateProcessor.UrlSynthesisProcessorTest" assertions="1" time="0.000084"/>
      <testcase name="process lève ServiceUnavailableHttpException si Mistral timeout" file="tests/Unit/Presentation/StateProcessor/UrlSynthesisProcessorTest.php::process lève ServiceUnavailableHttpException si Mistral timeout" class="Tests\Unit\Presentation\StateProcessor\UrlSynthesisProcessorTest" classname="Tests.Unit.Presentation.StateProcessor.UrlSynthesisProcessorTest" assertions="1" time="0.000086"/>
      <testcase name="process retourne SynthesisResource avec préfixe &quot;BRIEFLY AI:&quot; pour URL valide" file="tests/Unit/Presentation/StateProcessor/UrlSynthesisProcessorTest.php::process retourne SynthesisResource avec préfixe &quot;BRIEFLY AI:&quot; pour URL valide" class="Tests\Unit\Presentation\StateProcessor\UrlSynthesisProcessorTest" classname="Tests.Unit.Presentation.StateProcessor.UrlSynthesisProcessorTest" assertions="2" time="0.000080"/>
      <testcase name="process retourne isPartial=false pour article entièrement accessible" file="tests/Unit/Presentation/StateProcessor/UrlSynthesisProcessorTest.php::process retourne isPartial=false pour article entièrement accessible" class="Tests\Unit\Presentation\StateProcessor\UrlSynthesisProcessorTest" classname="Tests.Unit.Presentation.StateProcessor.UrlSynthesisProcessorTest" assertions="1" time="0.000076"/>
      <testcase name="process lève TooManyRequestsHttpException si quota épuisé (count=3)" file="tests/Unit/Presentation/StateProcessor/UrlSynthesisProcessorTest.php::process lève TooManyRequestsHttpException si quota épuisé (count=3)" class="Tests\Unit\Presentation\StateProcessor\UrlSynthesisProcessorTest" classname="Tests.Unit.Presentation.StateProcessor.UrlSynthesisProcessorTest" assertions="1" time="0.000083"/>
      <testcase name="process retourne generatedAt non vide au format ISO 8601" file="tests/Unit/Presentation/StateProcessor/UrlSynthesisProcessorTest.php::process retourne generatedAt non vide au format ISO 8601" class="Tests\Unit\Presentation\StateProcessor\UrlSynthesisProcessorTest" classname="Tests.Unit.Presentation.StateProcessor.UrlSynthesisProcessorTest" assertions="2" time="0.000117"/>
    </testsuite>
    <testsuite name="Tests\Unit\Domain\User\EmailTest" file="tests/Unit/Domain/User/EmailTest.php" tests="12" assertions="14" errors="0" failures="0" skipped="0" time="0.003698">
      <testcase name="Email accepte un format email valide basique" file="tests/Unit/Domain/User/EmailTest.php::Email accepte un format email valide basique" class="Tests\Unit\Domain\User\EmailTest" classname="Tests.Unit.Domain.User.EmailTest" assertions="1" time="0.002589"/>
      <testcase name="Email rejette une valeur sans domaine" file="tests/Unit/Domain/User/EmailTest.php::Email rejette une valeur sans domaine" class="Tests\Unit\Domain\User\EmailTest" classname="Tests.Unit.Domain.User.EmailTest" assertions="1" time="0.000145"/>
      <testcase name="Email rejette une valeur trop longue (&gt; 255 caractères)" file="tests/Unit/Domain/User/EmailTest.php::Email rejette une valeur trop longue (&gt; 255 caractères)" class="Tests\Unit\Domain\User\EmailTest" classname="Tests.Unit.Domain.User.EmailTest" assertions="2" time="0.000124"/>
      <testcase name="Email rejette une valeur sans @" file="tests/Unit/Domain/User/EmailTest.php::Email rejette une valeur sans @" class="Tests\Unit\Domain\User\EmailTest" classname="Tests.Unit.Domain.User.EmailTest" assertions="1" time="0.000101"/>
      <testcase name="Email equals retourne true pour des emails identiques (casse différente)" file="tests/Unit/Domain/User/EmailTest.php::Email equals retourne true pour des emails identiques (casse différente)" class="Tests\Unit\Domain\User\EmailTest" classname="Tests.Unit.Domain.User.EmailTest" assertions="1" time="0.000106"/>
      <testcase name="Email supprime les espaces en début et fin" file="tests/Unit/Domain/User/EmailTest.php::Email supprime les espaces en début et fin" class="Tests\Unit\Domain\User\EmailTest" classname="Tests.Unit.Domain.User.EmailTest" assertions="1" time="0.000087"/>
      <testcase name="Email accepte un email avec point dans la partie locale" file="tests/Unit/Domain/User/EmailTest.php::Email accepte un email avec point dans la partie locale" class="Tests\Unit\Domain\User\EmailTest" classname="Tests.Unit.Domain.User.EmailTest" assertions="1" time="0.000095"/>
      <testcase name="Email rejette une chaîne vide" file="tests/Unit/Domain/User/EmailTest.php::Email rejette une chaîne vide" class="Tests\Unit\Domain\User\EmailTest" classname="Tests.Unit.Domain.User.EmailTest" assertions="2" time="0.000079"/>
      <testcase name="Email accepte un email avec sous-domaine" file="tests/Unit/Domain/User/EmailTest.php::Email accepte un email avec sous-domaine" class="Tests\Unit\Domain\User\EmailTest" classname="Tests.Unit.Domain.User.EmailTest" assertions="1" time="0.000069"/>
      <testcase name="Email normalise en minuscules" file="tests/Unit/Domain/User/EmailTest.php::Email normalise en minuscules" class="Tests\Unit\Domain\User\EmailTest" classname="Tests.Unit.Domain.User.EmailTest" assertions="1" time="0.000154"/>
      <testcase name="Email toString retourne la valeur normalisée" file="tests/Unit/Domain/User/EmailTest.php::Email toString retourne la valeur normalisée" class="Tests\Unit\Domain\User\EmailTest" classname="Tests.Unit.Domain.User.EmailTest" assertions="1" time="0.000073"/>
      <testcase name="Email equals retourne false pour des emails différents" file="tests/Unit/Domain/User/EmailTest.php::Email equals retourne false pour des emails différents" class="Tests\Unit\Domain\User\EmailTest" classname="Tests.Unit.Domain.User.EmailTest" assertions="1" time="0.000077"/>
    </testsuite>
    <testsuite name="Tests\Unit\Domain\Brief\BriefSelectorServiceTest" file="tests/Unit/Domain/Brief/BriefSelectorServiceTest.php" tests="15" assertions="48" errors="0" failures="0" skipped="0" time="0.007352">
      <testcase name="Sélection nominale : 3 clusters distincts → 3 BriefStories avec score &gt; 0" file="tests/Unit/Domain/Brief/BriefSelectorServiceTest.php::Sélection nominale : 3 clusters distincts → 3 BriefStories avec score &gt; 0" class="Tests\Unit\Domain\Brief\BriefSelectorServiceTest" classname="Tests.Unit.Domain.Brief.BriefSelectorServiceTest" assertions="9" time="0.003925"/>
      <testcase name="Scoring : article long (&gt;800 chars) obtient le bonus engagement" file="tests/Unit/Domain/Brief/BriefSelectorServiceTest.php::Scoring : article long (&gt;800 chars) obtient le bonus engagement" class="Tests\Unit\Domain\Brief\BriefSelectorServiceTest" classname="Tests.Unit.Domain.Brief.BriefSelectorServiceTest" assertions="1" time="0.000144"/>
      <testcase name="GenerateDailyBriefMessage accepte un format Y-m-d valide" file="tests/Unit/Domain/Brief/BriefSelectorServiceTest.php::GenerateDailyBriefMessage accepte un format Y-m-d valide" class="Tests\Unit\Domain\Brief\BriefSelectorServiceTest" classname="Tests.Unit.Domain.Brief.BriefSelectorServiceTest" assertions="2" time="0.000128"/>
      <testcase name="DailyBrief::applySelection() passe le statut à Ready" file="tests/Unit/Domain/Brief/BriefSelectorServiceTest.php::DailyBrief::applySelection() passe le statut à Ready" class="Tests\Unit\Domain\Brief\BriefSelectorServiceTest" classname="Tests.Unit.Domain.Brief.BriefSelectorServiceTest" assertions="3" time="0.000098"/>
      <testcase name="Erreur : 0 articles disponibles → BriefGenerationFailedEvent retourné + log ERROR" file="tests/Unit/Domain/Brief/BriefSelectorServiceTest.php::Erreur : 0 articles disponibles → BriefGenerationFailedEvent retourné + log ERROR" class="Tests\Unit\Domain\Brief\BriefSelectorServiceTest" classname="Tests.Unit.Domain.Brief.BriefSelectorServiceTest" assertions="5" time="0.000334"/>
      <testcase name="BriefStory expose correctement ses propriétés" file="tests/Unit/Domain/Brief/BriefSelectorServiceTest.php::BriefStory expose correctement ses propriétés" class="Tests\Unit\Domain\Brief\BriefSelectorServiceTest" classname="Tests.Unit.Domain.Brief.BriefSelectorServiceTest" assertions="5" time="0.000095"/>
      <testcase name="Alternatif 1 : 2 clusters seulement → 2 BriefStories + log WARNING" file="tests/Unit/Domain/Brief/BriefSelectorServiceTest.php::Alternatif 1 : 2 clusters seulement → 2 BriefStories + log WARNING" class="Tests\Unit\Domain\Brief\BriefSelectorServiceTest" classname="Tests.Unit.Domain.Brief.BriefSelectorServiceTest" assertions="5" time="0.000156"/>
      <testcase name="Sélection nominale : les 3 BriefStories proviennent de clusters différents" file="tests/Unit/Domain/Brief/BriefSelectorServiceTest.php::Sélection nominale : les 3 BriefStories proviennent de clusters différents" class="Tests\Unit\Domain\Brief\BriefSelectorServiceTest" classname="Tests.Unit.Domain.Brief.BriefSelectorServiceTest" assertions="3" time="0.000635"/>
      <testcase name="GenerateDailyBriefMessage rejette un format invalide" file="tests/Unit/Domain/Brief/BriefSelectorServiceTest.php::GenerateDailyBriefMessage rejette un format invalide" class="Tests\Unit\Domain\Brief\BriefSelectorServiceTest" classname="Tests.Unit.Domain.Brief.BriefSelectorServiceTest" assertions="2" time="0.000127"/>
      <testcase name="DailyBrief::markError() passe le statut à Error" file="tests/Unit/Domain/Brief/BriefSelectorServiceTest.php::DailyBrief::markError() passe le statut à Error" class="Tests\Unit\Domain\Brief\BriefSelectorServiceTest" classname="Tests.Unit.Domain.Brief.BriefSelectorServiceTest" assertions="2" time="0.000096"/>
      <testcase name="Scoring : article récent obtient un meilleur score de fraîcheur que article ancien" file="tests/Unit/Domain/Brief/BriefSelectorServiceTest.php::Scoring : article récent obtient un meilleur score de fraîcheur que article ancien" class="Tests\Unit\Domain\Brief\BriefSelectorServiceTest" classname="Tests.Unit.Domain.Brief.BriefSelectorServiceTest" assertions="1" time="0.000101"/>
      <testcase name="Sélection nominale : le DailyBrief est persisté avec updated_at renseigné" file="tests/Unit/Domain/Brief/BriefSelectorServiceTest.php::Sélection nominale : le DailyBrief est persisté avec updated_at renseigné" class="Tests\Unit\Domain\Brief\BriefSelectorServiceTest" classname="Tests.Unit.Domain.Brief.BriefSelectorServiceTest" assertions="2" time="0.001209"/>
      <testcase name="BriefStory rejette un score négatif" file="tests/Unit/Domain/Brief/BriefSelectorServiceTest.php::BriefStory rejette un score négatif" class="Tests\Unit\Domain\Brief\BriefSelectorServiceTest" classname="Tests.Unit.Domain.Brief.BriefSelectorServiceTest" assertions="1" time="0.000097"/>
      <testcase name="BriefStory rejette une position hors [1, 3]" file="tests/Unit/Domain/Brief/BriefSelectorServiceTest.php::BriefStory rejette une position hors [1, 3]" class="Tests\Unit\Domain\Brief\BriefSelectorServiceTest" classname="Tests.Unit.Domain.Brief.BriefSelectorServiceTest" assertions="2" time="0.000084"/>
      <testcase name="Alternatif 2 : re-exécution le même jour → update pas doublon" file="tests/Unit/Domain/Brief/BriefSelectorServiceTest.php::Alternatif 2 : re-exécution le même jour → update pas doublon" class="Tests\Unit\Domain\Brief\BriefSelectorServiceTest" classname="Tests.Unit.Domain.Brief.BriefSelectorServiceTest" assertions="5" time="0.000123"/>
    </testsuite>
    <testsuite name="Tests\Unit\Presentation\StateProcessor\QuotaStateProcessorTest" file="tests/Unit/Presentation/StateProcessor/QuotaStateProcessorTest.php" tests="11" assertions="18" errors="0" failures="0" skipped="0" time="0.002957">
      <testcase name="processor retourne SynthesisResource quand quota OK (count=0)" file="tests/Unit/Presentation/StateProcessor/QuotaStateProcessorTest.php::processor retourne SynthesisResource quand quota OK (count=0)" class="Tests\Unit\Presentation\StateProcessor\QuotaStateProcessorTest" classname="Tests.Unit.Presentation.StateProcessor.QuotaStateProcessorTest" assertions="3" time="0.002003"/>
      <testcase name="ServiceUnavailableHttpException contient le message utilisateur approprié" file="tests/Unit/Presentation/StateProcessor/QuotaStateProcessorTest.php::ServiceUnavailableHttpException contient le message utilisateur approprié" class="Tests\Unit\Presentation\StateProcessor\QuotaStateProcessorTest" classname="Tests.Unit.Presentation.StateProcessor.QuotaStateProcessorTest" assertions="1" time="0.000125"/>
      <testcase name="TooManyRequestsHttpException a le header X-Quota-Remaining: 0 (US-033 scénario erreur 1)" file="tests/Unit/Presentation/StateProcessor/QuotaStateProcessorTest.php::TooManyRequestsHttpException a le header X-Quota-Remaining: 0 (US-033 scénario erreur 1)" class="Tests\Unit\Presentation\StateProcessor\QuotaStateProcessorTest" classname="Tests.Unit.Presentation.StateProcessor.QuotaStateProcessorTest" assertions="3" time="0.000097"/>
      <testcase name="processor lève TooManyRequestsHttpException quand quota épuisé (count=3)" file="tests/Unit/Presentation/StateProcessor/QuotaStateProcessorTest.php::processor lève TooManyRequestsHttpException quand quota épuisé (count=3)" class="Tests\Unit\Presentation\StateProcessor\QuotaStateProcessorTest" classname="Tests.Unit.Presentation.StateProcessor.QuotaStateProcessorTest" assertions="1" time="0.000085"/>
      <testcase name="processor retourne quota_used=2 et quota_remaining=1 après 2e consommation" file="tests/Unit/Presentation/StateProcessor/QuotaStateProcessorTest.php::processor retourne quota_used=2 et quota_remaining=1 après 2e consommation" class="Tests\Unit\Presentation\StateProcessor\QuotaStateProcessorTest" classname="Tests.Unit.Presentation.StateProcessor.QuotaStateProcessorTest" assertions="2" time="0.000084"/>
      <testcase name="processor NE génère PAS de synthèse si Redis KO (fail-safe)" file="tests/Unit/Presentation/StateProcessor/QuotaStateProcessorTest.php::processor NE génère PAS de synthèse si Redis KO (fail-safe)" class="Tests\Unit\Presentation\StateProcessor\QuotaStateProcessorTest" classname="Tests.Unit.Presentation.StateProcessor.QuotaStateProcessorTest" assertions="1" time="0.000090"/>
      <testcase name="processor lève AccessDeniedException si aucun utilisateur authentifié" file="tests/Unit/Presentation/StateProcessor/QuotaStateProcessorTest.php::processor lève AccessDeniedException si aucun utilisateur authentifié" class="Tests\Unit\Presentation\StateProcessor\QuotaStateProcessorTest" classname="Tests.Unit.Presentation.StateProcessor.QuotaStateProcessorTest" assertions="1" time="0.000095"/>
      <testcase name="processor NE génère PAS de synthèse si quota dépassé (clé Redis inchangée)" file="tests/Unit/Presentation/StateProcessor/QuotaStateProcessorTest.php::processor NE génère PAS de synthèse si quota dépassé (clé Redis inchangée)" class="Tests\Unit\Presentation\StateProcessor\QuotaStateProcessorTest" classname="Tests.Unit.Presentation.StateProcessor.QuotaStateProcessorTest" assertions="1" time="0.000086"/>
      <testcase name="processor lève ServiceUnavailableHttpException si Redis KO (GET)" file="tests/Unit/Presentation/StateProcessor/QuotaStateProcessorTest.php::processor lève ServiceUnavailableHttpException si Redis KO (GET)" class="Tests\Unit\Presentation\StateProcessor\QuotaStateProcessorTest" classname="Tests.Unit.Presentation.StateProcessor.QuotaStateProcessorTest" assertions="1" time="0.000108"/>
      <testcase name="processor retourne un id UUID non vide pour la synthèse" file="tests/Unit/Presentation/StateProcessor/QuotaStateProcessorTest.php::processor retourne un id UUID non vide pour la synthèse" class="Tests\Unit\Presentation\StateProcessor\QuotaStateProcessorTest" classname="Tests.Unit.Presentation.StateProcessor.QuotaStateProcessorTest" assertions="2" time="0.000102"/>
      <testcase name="processor retourne quota_used=3 et quota_remaining=0 après 3e consommation" file="tests/Unit/Presentation/StateProcessor/QuotaStateProcessorTest.php::processor retourne quota_used=3 et quota_remaining=0 après 3e consommation" class="Tests\Unit\Presentation\StateProcessor\QuotaStateProcessorTest" classname="Tests.Unit.Presentation.StateProcessor.QuotaStateProcessorTest" assertions="2" time="0.000082"/>
    </testsuite>
    <testsuite name="Tests\Unit\Domain\Feed\SourceTest" file="tests/Unit/Domain/Feed/SourceTest.php" tests="4" assertions="11" errors="0" failures="0" skipped="0" time="0.001220">
      <testcase name="Source inactive retourne isActive() false" file="tests/Unit/Domain/Feed/SourceTest.php::Source inactive retourne isActive() false" class="Tests\Unit\Domain\Feed\SourceTest" classname="Tests.Unit.Domain.Feed.SourceTest" assertions="1" time="0.001002"/>
      <testcase name="Source expose correctement ses propriétés de base" file="tests/Unit/Domain/Feed/SourceTest.php::Source expose correctement ses propriétés de base" class="Tests\Unit\Domain\Feed\SourceTest" classname="Tests.Unit.Domain.Feed.SourceTest" assertions="6" time="0.000078"/>
      <testcase name="Source expose lastFetchedAt et lastErrorAt fournis" file="tests/Unit/Domain/Feed/SourceTest.php::Source expose lastFetchedAt et lastErrorAt fournis" class="Tests\Unit\Domain\Feed\SourceTest" classname="Tests.Unit.Domain.Feed.SourceTest" assertions="2" time="0.000074"/>
      <testcase name="Source lastFetchedAt est null par défaut" file="tests/Unit/Domain/Feed/SourceTest.php::Source lastFetchedAt est null par défaut" class="Tests\Unit\Domain\Feed\SourceTest" classname="Tests.Unit.Domain.Feed.SourceTest" assertions="2" time="0.000067"/>
    </testsuite>
    <testsuite name="Tests\Unit\Application\Brief\GenerateDailyBriefHandlerLockTest" file="tests/Unit/Application/Brief/GenerateDailyBriefHandlerLockTest.php" tests="5" assertions="31" errors="0" failures="0" skipped="0" time="0.007993">
      <testcase name="Erreur technique : exception propagée pour retry Messenger + lock libéré dans finally" file="tests/Unit/Application/Brief/GenerateDailyBriefHandlerLockTest.php::Erreur technique : exception propagée pour retry Messenger + lock libéré dans finally" class="Tests\Unit\Application\Brief\GenerateDailyBriefHandlerLockTest" classname="Tests.Unit.Application.Brief.GenerateDailyBriefHandlerLockTest" assertions="6" time="0.005844"/>
      <testcase name="Redis KO : LockStorageException → log brief.lock_unavailable → service exécuté (résilience)" file="tests/Unit/Application/Brief/GenerateDailyBriefHandlerLockTest.php::Redis KO : LockStorageException → log brief.lock_unavailable → service exécuté (résilience)" class="Tests\Unit\Application\Brief\GenerateDailyBriefHandlerLockTest" classname="Tests.Unit.Application.Brief.GenerateDailyBriefHandlerLockTest" assertions="6" time="0.000845"/>
      <testcase name="Lock déjà acquis : TryLock=false → log brief.lock_already_acquired → service NON appelé" file="tests/Unit/Application/Brief/GenerateDailyBriefHandlerLockTest.php::Lock déjà acquis : TryLock=false → log brief.lock_already_acquired → service NON appelé" class="Tests\Unit\Application\Brief\GenerateDailyBriefHandlerLockTest" classname="Tests.Unit.Application.Brief.GenerateDailyBriefHandlerLockTest" assertions="6" time="0.000443"/>
      <testcase name="Nominal : lock acquis → selectTopStories() exécuté → lock libéré → log brief.batch_success" file="tests/Unit/Application/Brief/GenerateDailyBriefHandlerLockTest.php::Nominal : lock acquis → selectTopStories() exécuté → lock libéré → log brief.batch_success" class="Tests\Unit\Application\Brief\GenerateDailyBriefHandlerLockTest" classname="Tests.Unit.Application.Brief.GenerateDailyBriefHandlerLockTest" assertions="7" time="0.000416"/>
      <testcase name="brief.batch_success contient duration_ms (entier) et la date cible" file="tests/Unit/Application/Brief/GenerateDailyBriefHandlerLockTest.php::brief.batch_success contient duration_ms (entier) et la date cible" class="Tests\Unit\Application\Brief\GenerateDailyBriefHandlerLockTest" classname="Tests.Unit.Application.Brief.GenerateDailyBriefHandlerLockTest" assertions="6" time="0.000444"/>
    </testsuite>
    <testsuite name="Tests\Unit\Infrastructure\Feed\FeedIoSourceFetcherTest" file="tests/Unit/Infrastructure/Feed/FeedIoSourceFetcherTest.php" tests="7" assertions="18" errors="0" failures="0" skipped="0" time="0.014574">
      <testcase name="fetch ignore les items sans URL (link null)" file="tests/Unit/Infrastructure/Feed/FeedIoSourceFetcherTest.php::fetch ignore les items sans URL (link null)" class="Tests\Unit\Infrastructure\Feed\FeedIoSourceFetcherTest" classname="Tests.Unit.Infrastructure.Feed.FeedIoSourceFetcherTest" assertions="2" time="0.013800"/>
      <testcase name="fetch retourne des ArticleDTO valides pour un flux RSS avec articles" file="tests/Unit/Infrastructure/Feed/FeedIoSourceFetcherTest.php::fetch retourne des ArticleDTO valides pour un flux RSS avec articles" class="Tests\Unit\Infrastructure\Feed\FeedIoSourceFetcherTest" classname="Tests.Unit.Infrastructure.Feed.FeedIoSourceFetcherTest" assertions="8" time="0.000195"/>
      <testcase name="fetch normalise les URLs en supprimant les paramètres UTM" file="tests/Unit/Infrastructure/Feed/FeedIoSourceFetcherTest.php::fetch normalise les URLs en supprimant les paramètres UTM" class="Tests\Unit\Infrastructure\Feed\FeedIoSourceFetcherTest" classname="Tests.Unit.Infrastructure.Feed.FeedIoSourceFetcherTest" assertions="2" time="0.000139"/>
      <testcase name="fetch normalise les URLs en supprimant le trailing slash" file="tests/Unit/Infrastructure/Feed/FeedIoSourceFetcherTest.php::fetch normalise les URLs en supprimant le trailing slash" class="Tests\Unit\Infrastructure\Feed\FeedIoSourceFetcherTest" classname="Tests.Unit.Infrastructure.Feed.FeedIoSourceFetcherTest" assertions="2" time="0.000110"/>
      <testcase name="fetch calcule des content_hash SHA-256 distincts pour des URLs canoniques différentes" file="tests/Unit/Infrastructure/Feed/FeedIoSourceFetcherTest.php::fetch calcule des content_hash SHA-256 distincts pour des URLs canoniques différentes" class="Tests\Unit\Infrastructure\Feed\FeedIoSourceFetcherTest" classname="Tests.Unit.Infrastructure.Feed.FeedIoSourceFetcherTest" assertions="1" time="0.000115"/>
      <testcase name="fetch calcule le même content_hash pour des URLs avec UTM différents vers la même ressource" file="tests/Unit/Infrastructure/Feed/FeedIoSourceFetcherTest.php::fetch calcule le même content_hash pour des URLs avec UTM différents vers la même ressource" class="Tests\Unit\Infrastructure\Feed\FeedIoSourceFetcherTest" classname="Tests.Unit.Infrastructure.Feed.FeedIoSourceFetcherTest" assertions="1" time="0.000125"/>
      <testcase name="fetch rejette une source avec schéma file:// (protection SSRF)" file="tests/Unit/Infrastructure/Feed/FeedIoSourceFetcherTest.php::fetch rejette une source avec schéma file:// (protection SSRF)" class="Tests\Unit\Infrastructure\Feed\FeedIoSourceFetcherTest" classname="Tests.Unit.Infrastructure.Feed.FeedIoSourceFetcherTest" assertions="2" time="0.000090"/>
    </testsuite>
    <testsuite name="Tests\Unit\Presentation\Controller\BriefControllerTest" file="tests/Unit/Presentation/Controller/BriefControllerTest.php" tests="13" assertions="40" errors="0" failures="0" skipped="0" time="0.007561">
      <testcase name="réponse 503 ne contient pas de stacktrace ni de message technique" file="tests/Unit/Presentation/Controller/BriefControllerTest.php::réponse 503 ne contient pas de stacktrace ni de message technique" class="Tests\Unit\Presentation\Controller\BriefControllerTest" classname="Tests.Unit.Presentation.Controller.BriefControllerTest" assertions="5" time="0.004490"/>
      <testcase name="index affiche LAST UPDATED avec la date UTC" file="tests/Unit/Presentation/Controller/BriefControllerTest.php::index affiche LAST UPDATED avec la date UTC" class="Tests\Unit\Presentation\Controller\BriefControllerTest" classname="Tests.Unit.Presentation.Controller.BriefControllerTest" assertions="2" time="0.000912"/>
      <testcase name="index affiche les 3 histoires numérotées 01, 02, 03" file="tests/Unit/Presentation/Controller/BriefControllerTest.php::index affiche les 3 histoires numérotées 01, 02, 03" class="Tests\Unit\Presentation\Controller\BriefControllerTest" classname="Tests.Unit.Presentation.Controller.BriefControllerTest" assertions="3" time="0.000137"/>
      <testcase name="index affiche les titres, sources et extraits" file="tests/Unit/Presentation/Controller/BriefControllerTest.php::index affiche les titres, sources et extraits" class="Tests\Unit\Presentation\Controller\BriefControllerTest" classname="Tests.Unit.Presentation.Controller.BriefControllerTest" assertions="3" time="0.000137"/>
      <testcase name="index affiche DAILY BRIEF dans le HTML" file="tests/Unit/Presentation/Controller/BriefControllerTest.php::index affiche DAILY BRIEF dans le HTML" class="Tests\Unit\Presentation\Controller\BriefControllerTest" classname="Tests.Unit.Presentation.Controller.BriefControllerTest" assertions="1" time="0.000113"/>
      <testcase name="empty state ne contient pas de stacktrace PHP" file="tests/Unit/Presentation/Controller/BriefControllerTest.php::empty state ne contient pas de stacktrace PHP" class="Tests\Unit\Presentation\Controller\BriefControllerTest" classname="Tests.Unit.Presentation.Controller.BriefControllerTest" assertions="4" time="0.000256"/>
      <testcase name="réponse 503 contient le header Retry-After: 60" file="tests/Unit/Presentation/Controller/BriefControllerTest.php::réponse 503 contient le header Retry-After: 60" class="Tests\Unit\Presentation\Controller\BriefControllerTest" classname="Tests.Unit.Presentation.Controller.BriefControllerTest" assertions="1" time="0.000114"/>
      <testcase name="home retourne un redirect 301 vers /brief" file="tests/Unit/Presentation/Controller/BriefControllerTest.php::home retourne un redirect 301 vers /brief" class="Tests\Unit\Presentation\Controller\BriefControllerTest" classname="Tests.Unit.Presentation.Controller.BriefControllerTest" assertions="2" time="0.000460"/>
      <testcase name="index affiche les meta tags SEO" file="tests/Unit/Presentation/Controller/BriefControllerTest.php::index affiche les meta tags SEO" class="Tests\Unit\Presentation\Controller\BriefControllerTest" classname="Tests.Unit.Presentation.Controller.BriefControllerTest" assertions="4" time="0.000129"/>
      <testcase name="index retourne 503 et log ERROR quand la base de données est indisponible" file="tests/Unit/Presentation/Controller/BriefControllerTest.php::index retourne 503 et log ERROR quand la base de données est indisponible" class="Tests\Unit\Presentation\Controller\BriefControllerTest" classname="Tests.Unit.Presentation.Controller.BriefControllerTest" assertions="4" time="0.000372"/>
      <testcase name="index retourne 200 avec empty state quand aucun brief (table vide)" file="tests/Unit/Presentation/Controller/BriefControllerTest.php::index retourne 200 avec empty state quand aucun brief (table vide)" class="Tests\Unit\Presentation\Controller\BriefControllerTest" classname="Tests.Unit.Presentation.Controller.BriefControllerTest" assertions="7" time="0.000205"/>
      <testcase name="index retourne 200 quand un brief est disponible" file="tests/Unit/Presentation/Controller/BriefControllerTest.php::index retourne 200 quand un brief est disponible" class="Tests\Unit\Presentation\Controller\BriefControllerTest" classname="Tests.Unit.Presentation.Controller.BriefControllerTest" assertions="2" time="0.000119"/>
      <testcase name="index affiche les liens OUVRIR L'ORIGINAL avec rel=&quot;noopener noreferrer&quot;" file="tests/Unit/Presentation/Controller/BriefControllerTest.php::index affiche les liens OUVRIR L'ORIGINAL avec rel=&quot;noopener noreferrer&quot;" class="Tests\Unit\Presentation\Controller\BriefControllerTest" classname="Tests.Unit.Presentation.Controller.BriefControllerTest" assertions="2" time="0.000116"/>
    </testsuite>
    <testsuite name="Tests\Unit\Domain\User\UserTest" file="tests/Unit/Domain/User/UserTest.php" tests="10" assertions="13" errors="0" failures="0" skipped="0" time="0.002482">
      <testcase name="User expose son identifiant" file="tests/Unit/Domain/User/UserTest.php::User expose son identifiant" class="Tests\Unit\Domain\User\UserTest" classname="Tests.Unit.Domain.User.UserTest" assertions="1" time="0.001491"/>
      <testcase name="User expose son hash de mot de passe (non vide)" file="tests/Unit/Domain/User/UserTest.php::User expose son hash de mot de passe (non vide)" class="Tests\Unit\Domain\User\UserTest" classname="Tests.Unit.Domain.User.UserTest" assertions="2" time="0.000212"/>
      <testcase name="User expose consentAt non null (preuve légale RGPD)" file="tests/Unit/Domain/User/UserTest.php::User expose consentAt non null (preuve légale RGPD)" class="Tests\Unit\Domain\User\UserTest" classname="Tests.Unit.Domain.User.UserTest" assertions="2" time="0.000122"/>
      <testcase name="User getRoles retourne une liste sans doublons" file="tests/Unit/Domain/User/UserTest.php::User getRoles retourne une liste sans doublons" class="Tests\Unit\Domain\User\UserTest" classname="Tests.Unit.Domain.User.UserTest" assertions="1" time="0.000076"/>
      <testcase name="User inclut toujours ROLE_USER dans ses rôles" file="tests/Unit/Domain/User/UserTest.php::User inclut toujours ROLE_USER dans ses rôles" class="Tests\Unit\Domain\User\UserTest" classname="Tests.Unit.Domain.User.UserTest" assertions="1" time="0.000096"/>
      <testcase name="User expose createdAt en UTC" file="tests/Unit/Domain/User/UserTest.php::User expose createdAt en UTC" class="Tests\Unit\Domain\User\UserTest" classname="Tests.Unit.Domain.User.UserTest" assertions="1" time="0.000074"/>
      <testcase name="User expose son email via Value Object" file="tests/Unit/Domain/User/UserTest.php::User expose son email via Value Object" class="Tests\Unit\Domain\User\UserTest" classname="Tests.Unit.Domain.User.UserTest" assertions="2" time="0.000083"/>
      <testcase name="User expose son nom complet" file="tests/Unit/Domain/User/UserTest.php::User expose son nom complet" class="Tests\Unit\Domain\User\UserTest" classname="Tests.Unit.Domain.User.UserTest" assertions="1" time="0.000071"/>
      <testcase name="User.changePasswordHash rejette un hash vide" file="tests/Unit/Domain/User/UserTest.php::User.changePasswordHash rejette un hash vide" class="Tests\Unit\Domain\User\UserTest" classname="Tests.Unit.Domain.User.UserTest" assertions="1" time="0.000131"/>
      <testcase name="User.changePasswordHash met à jour le hash" file="tests/Unit/Domain/User/UserTest.php::User.changePasswordHash met à jour le hash" class="Tests\Unit\Domain\User\UserTest" classname="Tests.Unit.Domain.User.UserTest" assertions="1" time="0.000126"/>
    </testsuite>
    <testsuite name="Tests\Unit\Domain\Feed\ContentHashTest" file="tests/Unit/Domain/Feed/ContentHashTest.php" tests="8" assertions="10" errors="0" failures="0" skipped="0" time="0.001492">
      <testcase name="ContentHash normalise la casse via fromStoredHash" file="tests/Unit/Domain/Feed/ContentHashTest.php::ContentHash normalise la casse via fromStoredHash" class="Tests\Unit\Domain\Feed\ContentHashTest" classname="Tests.Unit.Domain.Feed.ContentHashTest" assertions="1" time="0.000984"/>
      <testcase name="ContentHash fromStoredHash rejette un hash trop court" file="tests/Unit/Domain/Feed/ContentHashTest.php::ContentHash fromStoredHash rejette un hash trop court" class="Tests\Unit\Domain\Feed\ContentHashTest" classname="Tests.Unit.Domain.Feed.ContentHashTest" assertions="1" time="0.000076"/>
      <testcase name="ContentHash calcule un SHA-256 de 64 chars hexadécimaux depuis une URL canonique" file="tests/Unit/Domain/Feed/ContentHashTest.php::ContentHash calcule un SHA-256 de 64 chars hexadécimaux depuis une URL canonique" class="Tests\Unit\Domain\Feed\ContentHashTest" classname="Tests.Unit.Domain.Feed.ContentHashTest" assertions="2" time="0.000091"/>
      <testcase name="ContentHash peut être reconstruit depuis un hash stocké valide" file="tests/Unit/Domain/Feed/ContentHashTest.php::ContentHash peut être reconstruit depuis un hash stocké valide" class="Tests\Unit\Domain\Feed\ContentHashTest" classname="Tests.Unit.Domain.Feed.ContentHashTest" assertions="1" time="0.000070"/>
      <testcase name="ContentHash __toString retourne la valeur hexadécimale" file="tests/Unit/Domain/Feed/ContentHashTest.php::ContentHash __toString retourne la valeur hexadécimale" class="Tests\Unit\Domain\Feed\ContentHashTest" classname="Tests.Unit.Domain.Feed.ContentHashTest" assertions="1" time="0.000067"/>
      <testcase name="ContentHash retourne des hashes différents pour des URLs différentes" file="tests/Unit/Domain/Feed/ContentHashTest.php::ContentHash retourne des hashes différents pour des URLs différentes" class="Tests\Unit\Domain\Feed\ContentHashTest" classname="Tests.Unit.Domain.Feed.ContentHashTest" assertions="1" time="0.000064"/>
      <testcase name="ContentHash retourne le même hash pour la même URL canonique" file="tests/Unit/Domain/Feed/ContentHashTest.php::ContentHash retourne le même hash pour la même URL canonique" class="Tests\Unit\Domain\Feed\ContentHashTest" classname="Tests.Unit.Domain.Feed.ContentHashTest" assertions="2" time="0.000066"/>
      <testcase name="ContentHash fromStoredHash rejette une valeur non hexadécimale de 64 chars" file="tests/Unit/Domain/Feed/ContentHashTest.php::ContentHash fromStoredHash rejette une valeur non hexadécimale de 64 chars" class="Tests\Unit\Domain\Feed\ContentHashTest" classname="Tests.Unit.Domain.Feed.ContentHashTest" assertions="1" time="0.000076"/>
    </testsuite>
    <testsuite name="Tests\Unit\Domain\Brief\BriefPublicViewTest" file="tests/Unit/Domain/Brief/BriefPublicViewTest.php" tests="6" assertions="17" errors="0" failures="0" skipped="0" time="0.001210">
      <testcase name="DailyBriefViewModel contient 3 stories avec toutes leurs propriétés" file="tests/Unit/Domain/Brief/BriefPublicViewTest.php::DailyBriefViewModel contient 3 stories avec toutes leurs propriétés" class="Tests\Unit\Domain\Brief\BriefPublicViewTest" classname="Tests.Unit.Domain.Brief.BriefPublicViewTest" assertions="5" time="0.000826"/>
      <testcase name="DailyBriefViewModel::fromPublicView convertit en UTC si timezone différente" file="tests/Unit/Domain/Brief/BriefPublicViewTest.php::DailyBriefViewModel::fromPublicView convertit en UTC si timezone différente" class="Tests\Unit\Domain\Brief\BriefPublicViewTest" classname="Tests.Unit.Domain.Brief.BriefPublicViewTest" assertions="1" time="0.000097"/>
      <testcase name="DailyBriefViewModel::fromPublicView formate la date UTC correctement" file="tests/Unit/Domain/Brief/BriefPublicViewTest.php::DailyBriefViewModel::fromPublicView formate la date UTC correctement" class="Tests\Unit\Domain\Brief\BriefPublicViewTest" classname="Tests.Unit.Domain.Brief.BriefPublicViewTest" assertions="1" time="0.000069"/>
      <testcase name="DailyBriefViewModel::fromPublicView formate les positions en 01/02/03" file="tests/Unit/Domain/Brief/BriefPublicViewTest.php::DailyBriefViewModel::fromPublicView formate les positions en 01/02/03" class="Tests\Unit\Domain\Brief\BriefPublicViewTest" classname="Tests.Unit.Domain.Brief.BriefPublicViewTest" assertions="3" time="0.000077"/>
      <testcase name="BriefStoryPublicView expose toutes ses propriétés" file="tests/Unit/Domain/Brief/BriefPublicViewTest.php::BriefStoryPublicView expose toutes ses propriétés" class="Tests\Unit\Domain\Brief\BriefPublicViewTest" classname="Tests.Unit.Domain.Brief.BriefPublicViewTest" assertions="5" time="0.000071"/>
      <testcase name="BriefPublicView expose updatedAt et ses stories" file="tests/Unit/Domain/Brief/BriefPublicViewTest.php::BriefPublicView expose updatedAt et ses stories" class="Tests\Unit\Domain\Brief\BriefPublicViewTest" classname="Tests.Unit.Domain.Brief.BriefPublicViewTest" assertions="2" time="0.000070"/>
    </testsuite>
    <testsuite name="Tests\Unit\Application\Quota\QuotaServiceTest" file="tests/Unit/Application/Quota/QuotaServiceTest.php" tests="19" assertions="25" errors="0" failures="0" skipped="0" time="0.002455">
      <testcase name="consumeOrDeny retourne true pour la 1re synthèse (count=0 → INCR → 1)" file="tests/Unit/Application/Quota/QuotaServiceTest.php::consumeOrDeny retourne true pour la 1re synthèse (count=0 → INCR → 1)" class="Tests\Unit\Application\Quota\QuotaServiceTest" classname="Tests.Unit.Application.Quota.QuotaServiceTest" assertions="2" time="0.000650"/>
      <testcase name="consumeOrDeny propage QuotaServiceUnavailableException si Redis KO (INCR)" file="tests/Unit/Application/Quota/QuotaServiceTest.php::consumeOrDeny propage QuotaServiceUnavailableException si Redis KO (INCR)" class="Tests\Unit\Application\Quota\QuotaServiceTest" classname="Tests.Unit.Application.Quota.QuotaServiceTest" assertions="1" time="0.000104"/>
      <testcase name="consumeOrDeny propage QuotaServiceUnavailableException si Redis KO (GET)" file="tests/Unit/Application/Quota/QuotaServiceTest.php::consumeOrDeny propage QuotaServiceUnavailableException si Redis KO (GET)" class="Tests\Unit\Application\Quota\QuotaServiceTest" classname="Tests.Unit.Application.Quota.QuotaServiceTest" assertions="1" time="0.000079"/>
      <testcase name="getRemaining retourne 0 quand quota épuisé (count=3)" file="tests/Unit/Application/Quota/QuotaServiceTest.php::getRemaining retourne 0 quand quota épuisé (count=3)" class="Tests\Unit\Application\Quota\QuotaServiceTest" classname="Tests.Unit.Application.Quota.QuotaServiceTest" assertions="1" time="0.000078"/>
      <testcase name="consumeOrDeny crée une nouvelle clé le lendemain UTC (reset automatique)" file="tests/Unit/Application/Quota/QuotaServiceTest.php::consumeOrDeny crée une nouvelle clé le lendemain UTC (reset automatique)" class="Tests\Unit\Application\Quota\QuotaServiceTest" classname="Tests.Unit.Application.Quota.QuotaServiceTest" assertions="1" time="0.000072"/>
      <testcase name="QuotaServiceUnavailableException préserve l'exception précédente" file="tests/Unit/Application/Quota/QuotaServiceTest.php::QuotaServiceUnavailableException préserve l'exception précédente" class="Tests\Unit\Application\Quota\QuotaServiceTest" classname="Tests.Unit.Application.Quota.QuotaServiceTest" assertions="1" time="0.000102"/>
      <testcase name="consumeOrDeny retourne true pour la 3e synthèse (count=2 → INCR → 3)" file="tests/Unit/Application/Quota/QuotaServiceTest.php::consumeOrDeny retourne true pour la 3e synthèse (count=2 → INCR → 3)" class="Tests\Unit\Application\Quota\QuotaServiceTest" classname="Tests.Unit.Application.Quota.QuotaServiceTest" assertions="1" time="0.000071"/>
      <testcase name="getUsed retourne 0 pour un compte sans synthèse" file="tests/Unit/Application/Quota/QuotaServiceTest.php::getUsed retourne 0 pour un compte sans synthèse" class="Tests\Unit\Application\Quota\QuotaServiceTest" classname="Tests.Unit.Application.Quota.QuotaServiceTest" assertions="1" time="0.000085"/>
      <testcase name="consumeOrDeny retourne true pour la 2e synthèse (count=1 → INCR → 2)" file="tests/Unit/Application/Quota/QuotaServiceTest.php::consumeOrDeny retourne true pour la 2e synthèse (count=1 → INCR → 2)" class="Tests\Unit\Application\Quota\QuotaServiceTest" classname="Tests.Unit.Application.Quota.QuotaServiceTest" assertions="1" time="0.000072"/>
      <testcase name="getRemaining retourne 3 quand aucune synthèse utilisée (count=0)" file="tests/Unit/Application/Quota/QuotaServiceTest.php::getRemaining retourne 3 quand aucune synthèse utilisée (count=0)" class="Tests\Unit\Application\Quota\QuotaServiceTest" classname="Tests.Unit.Application.Quota.QuotaServiceTest" assertions="1" time="0.000071"/>
      <testcase name="getRemaining retourne 0 et non négatif si count &gt; 3" file="tests/Unit/Application/Quota/QuotaServiceTest.php::getRemaining retourne 0 et non négatif si count &gt; 3" class="Tests\Unit\Application\Quota\QuotaServiceTest" classname="Tests.Unit.Application.Quota.QuotaServiceTest" assertions="1" time="0.000074"/>
      <testcase name="getUsed retourne 2 après 2 synthèses consommées" file="tests/Unit/Application/Quota/QuotaServiceTest.php::getUsed retourne 2 après 2 synthèses consommées" class="Tests\Unit\Application\Quota\QuotaServiceTest" classname="Tests.Unit.Application.Quota.QuotaServiceTest" assertions="1" time="0.000075"/>
      <testcase name="consumeOrDeny retourne false à la 4e tentative sans incrémenter (count=3)" file="tests/Unit/Application/Quota/QuotaServiceTest.php::consumeOrDeny retourne false à la 4e tentative sans incrémenter (count=3)" class="Tests\Unit\Application\Quota\QuotaServiceTest" classname="Tests.Unit.Application.Quota.QuotaServiceTest" assertions="2" time="0.000068"/>
      <testcase name="consumeOrDeny retourne false quand count &gt; 3 (cas défensif)" file="tests/Unit/Application/Quota/QuotaServiceTest.php::consumeOrDeny retourne false quand count &gt; 3 (cas défensif)" class="Tests\Unit\Application\Quota\QuotaServiceTest" classname="Tests.Unit.Application.Quota.QuotaServiceTest" assertions="1" time="0.000068"/>
      <testcase name="getUsed est plafonné à 3 (DAILY_LIMIT)" file="tests/Unit/Application/Quota/QuotaServiceTest.php::getUsed est plafonné à 3 (DAILY_LIMIT)" class="Tests\Unit\Application\Quota\QuotaServiceTest" classname="Tests.Unit.Application.Quota.QuotaServiceTest" assertions="1" time="0.000076"/>
      <testcase name="getRemaining retourne 2 après 1 synthèse consommée" file="tests/Unit/Application/Quota/QuotaServiceTest.php::getRemaining retourne 2 après 1 synthèse consommée" class="Tests\Unit\Application\Quota\QuotaServiceTest" classname="Tests.Unit.Application.Quota.QuotaServiceTest" assertions="1" time="0.000072"/>
      <testcase name="consumeOrDeny positionne EXPIREAT à la prochaine minuit UTC" file="tests/Unit/Application/Quota/QuotaServiceTest.php::consumeOrDeny positionne EXPIREAT à la prochaine minuit UTC" class="Tests\Unit\Application\Quota\QuotaServiceTest" classname="Tests.Unit.Application.Quota.QuotaServiceTest" assertions="3" time="0.000408"/>
      <testcase name="QuotaService::DAILY_LIMIT vaut 3" file="tests/Unit/Application/Quota/QuotaServiceTest.php::QuotaService::DAILY_LIMIT vaut 3" class="Tests\Unit\Application\Quota\QuotaServiceTest" classname="Tests.Unit.Application.Quota.QuotaServiceTest" assertions="1" time="0.000086"/>
      <testcase name="QuotaServiceUnavailableException contient le message Redis sans données utilisateur" file="tests/Unit/Application/Quota/QuotaServiceTest.php::QuotaServiceUnavailableException contient le message Redis sans données utilisateur" class="Tests\Unit\Application\Quota\QuotaServiceTest" classname="Tests.Unit.Application.Quota.QuotaServiceTest" assertions="3" time="0.000145"/>
    </testsuite>
    <testsuite name="Tests\Unit\Infrastructure\Brief\Scheduler\BriefScheduleProviderTest" file="tests/Unit/Infrastructure/Brief/Scheduler/BriefScheduleProviderTest.php" tests="7" assertions="25" errors="0" failures="0" skipped="0" time="0.007215">
      <testcase name="BriefScheduleProvider se déclenche 7j/7 (lundi au dimanche)" file="tests/Unit/Infrastructure/Brief/Scheduler/BriefScheduleProviderTest.php::BriefScheduleProvider se déclenche 7j/7 (lundi au dimanche)" class="Tests\Unit\Infrastructure\Brief\Scheduler\BriefScheduleProviderTest" classname="Tests.Unit.Infrastructure.Brief.Scheduler.BriefScheduleProviderTest" assertions="14" time="0.006402"/>
      <testcase name="DailyBriefMessageProvider::getId() retourne un identifiant non vide et stable" file="tests/Unit/Infrastructure/Brief/Scheduler/BriefScheduleProviderTest.php::DailyBriefMessageProvider::getId() retourne un identifiant non vide et stable" class="Tests\Unit\Infrastructure\Brief\Scheduler\BriefScheduleProviderTest" classname="Tests.Unit.Infrastructure.Brief.Scheduler.BriefScheduleProviderTest" assertions="2" time="0.000101"/>
      <testcase name="DailyBriefMessageProvider génère GenerateDailyBriefMessage avec la date UTC du déclenchement" file="tests/Unit/Infrastructure/Brief/Scheduler/BriefScheduleProviderTest.php::DailyBriefMessageProvider génère GenerateDailyBriefMessage avec la date UTC du déclenchement" class="Tests\Unit\Infrastructure\Brief\Scheduler\BriefScheduleProviderTest" classname="Tests.Unit.Infrastructure.Brief.Scheduler.BriefScheduleProviderTest" assertions="4" time="0.000378"/>
      <testcase name="BriefScheduleProvider retourne un Schedule avec au moins un RecurringMessage" file="tests/Unit/Infrastructure/Brief/Scheduler/BriefScheduleProviderTest.php::BriefScheduleProvider retourne un Schedule avec au moins un RecurringMessage" class="Tests\Unit\Infrastructure\Brief\Scheduler\BriefScheduleProviderTest" classname="Tests.Unit.Infrastructure.Brief.Scheduler.BriefScheduleProviderTest" assertions="2" time="0.000098"/>
      <testcase name="BriefScheduleProvider utilise l'expression cron &quot;0 5 * * *&quot; (05:00 UTC quotidien)" file="tests/Unit/Infrastructure/Brief/Scheduler/BriefScheduleProviderTest.php::BriefScheduleProvider utilise l'expression cron &quot;0 5 * * *&quot; (05:00 UTC quotidien)" class="Tests\Unit\Infrastructure\Brief\Scheduler\BriefScheduleProviderTest" classname="Tests.Unit.Infrastructure.Brief.Scheduler.BriefScheduleProviderTest" assertions="1" time="0.000079"/>
      <testcase name="BriefScheduleProvider utilise un CronExpressionTrigger" file="tests/Unit/Infrastructure/Brief/Scheduler/BriefScheduleProviderTest.php::BriefScheduleProvider utilise un CronExpressionTrigger" class="Tests\Unit\Infrastructure\Brief\Scheduler\BriefScheduleProviderTest" classname="Tests.Unit.Infrastructure.Brief.Scheduler.BriefScheduleProviderTest" assertions="1" time="0.000075"/>
      <testcase name="BriefScheduleProvider::getSchedule() retourne des RecurringMessages avec IDs stables" file="tests/Unit/Infrastructure/Brief/Scheduler/BriefScheduleProviderTest.php::BriefScheduleProvider::getSchedule() retourne des RecurringMessages avec IDs stables" class="Tests\Unit\Infrastructure\Brief\Scheduler\BriefScheduleProviderTest" classname="Tests.Unit.Infrastructure.Brief.Scheduler.BriefScheduleProviderTest" assertions="1" time="0.000082"/>
    </testsuite>
  </testsuite>
</testsuites>
